2018-02-15_20:40:01 Repo is out of sync, updating now
[master 855560a] Github Auto-commit via Instafame Cron 2018-02-15_20:40:01
 3 files changed, 2 insertions(+), 1 deletion(-)
 delete mode 100755 instafame_variables.sh
 create mode 100644 scripts/cron/cronlog.out
 create mode 100755 scripts/os/instafame_variables.sh
2018-02-15_21:00:01 Repo is out of sync, updating now
[master 7c21288] Github Auto-commit via Instafame Cron 2018-02-15_21:00:01
 2 files changed, 11 insertions(+)
 create mode 100644 application/api-reddit.py
2018-02-15_21:20:01 Repo is out of sync, updating now
[master ad1379c] Github Auto-commit via Instafame Cron 2018-02-15_21:20:01
 3 files changed, 12 insertions(+), 3 deletions(-)
 create mode 100755 dep/pip.sh
2018-02-15_21:40:01 Repo is out of sync, updating now
[master 3c8b8c2] Github Auto-commit via Instafame Cron 2018-02-15_21:40:01
 2 files changed, 43 insertions(+), 9 deletions(-)
 rewrite application/api-reddit.py (87%)
2018-02-15_22:00:01 Repo is out of sync, updating now
[master 3214615] Github Auto-commit via Instafame Cron 2018-02-15_22:00:01
 3 files changed, 17 insertions(+), 4 deletions(-)
 create mode 100644 scripts/os/setupsshfs
2018-02-15_22:20:01 Repo is out of sync, updating now
[master c2ad7ba] Github Auto-commit via Instafame Cron 2018-02-15_22:20:01
 1 file changed, 4 insertions(+)
2018-02-15_22:40:01 Repo is out of sync, updating now
